<?xml version="1.0" encoding="UTF-8"?>
<testsuite xmlns:xsi="http://www.w3.org/2001/XMLSchema-instance" xsi:noNamespaceSchemaLocation="https://maven.apache.org/surefire/maven-surefire-plugin/xsd/surefire-test-report-3.0.xsd" version="3.0" name="TestSuite" time="10.124" tests="2" errors="0" skipped="0" failures="1">
  <properties>
[...]
</properties>
  <testcase name="verifyTitleOfThePage" classname="in.amazon.test.HomepageTests" time="0.026">
    <failure message="expected [Amazon Home Page] but found [Amazon.com: Online Shopping for Electronics, Apparel, Computers, Books, DVDs &amp; more]" type="java.lang.AssertionError"><![CDATA[java.lang.AssertionError: expected [Amazon Home Page] but found [Amazon.com: Online Shopping for Electronics, Apparel, Computers, Books, DVDs & more]
	at in.amazon.test.HomepageTests.verifyTitleOfThePage(HomepageTests.java:27)
]]></failure>
    <system-err><![CDATA[Starting ChromeDriver 75.0.3770.140 (2d9f97485c7b07dc18a74666574f19176731995c-refs/branch-heads/3770@{#1155}) on port 31872
Only local connections are allowed.
Please protect ports used by ChromeDriver and related test frameworks to prevent access by malicious code.
[1566318649.220][WARNING]: This version of ChromeDriver has not been tested with Chrome version 76.
Aug 20, 2019 9:30:50 AM org.openqa.selenium.remote.ProtocolHandshake createSession
INFO: Detected dialect: W3C
]]></system-err>
  </testcase>
  <testcase name="verifyProduct" classname="in.amazon.test.HomepageTests" time="2.431"/>
</testsuite>