<?xml version="1.0" encoding="UTF-8"?>
<testng-results ignored="0" total="10" passed="10" failed="0" skipped="0">
  <reporter-output>
  </reporter-output>
  <suite started-at="2019-08-20T17:48:48Z" name="Default suite" finished-at="2019-08-20T17:48:49Z" duration-ms="737">
    <groups>
    </groups>
    <test started-at="2019-08-20T17:48:48Z" name="Default test" finished-at="2019-08-20T17:48:49Z" duration-ms="737">
      <class name="demo.DemoDataProvider">
        <test-method signature="printTestData(java.lang.String, java.lang.String)[pri:0, instance:demo.DemoDataProvider@2b6856dd]" started-at="2019-08-20T17:48:49Z" name="printTestData" data-provider="getData" finished-at="2019-08-20T17:48:49Z" duration-ms="9" status="PASS">
          <params>
            <param index="0">
              <value>
                <![CDATA[manojbiotect@gmail.com]]>
              </value>
            </param>
            <param index="1">
              <value>
                <![CDATA[ilovemanoj]]>
              </value>
            </param>
          </params>
          <reporter-output>
          </reporter-output>
        </test-method> <!-- printTestData -->
        <test-method signature="printTestData(java.lang.String, java.lang.String)[pri:0, instance:demo.DemoDataProvider@2b6856dd]" started-at="2019-08-20T17:48:49Z" name="printTestData" data-provider="getData" finished-at="2019-08-20T17:48:49Z" duration-ms="2" status="PASS">
          <params>
            <param index="0">
              <value>
                <![CDATA[manojbiotect@gmail.com]]>
              </value>
            </param>
            <param index="1">
              <value>
                <![CDATA[ilovemanoj]]>
              </value>
            </param>
          </params>
          <reporter-output>
          </reporter-output>
        </test-method> <!-- printTestData -->
        <test-method signature="printTestData(java.lang.String, java.lang.String)[pri:0, instance:demo.DemoDataProvider@2b6856dd]" started-at="2019-08-20T17:48:49Z" name="printTestData" data-provider="getData" finished-at="2019-08-20T17:48:49Z" duration-ms="2" status="PASS">
          <params>
            <param index="0">
              <value>
                <![CDATA[manojbiotect@gmail.com]]>
              </value>
            </param>
            <param index="1">
              <value>
                <![CDATA[ilovemanoj]]>
              </value>
            </param>
          </params>
          <reporter-output>
          </reporter-output>
        </test-method> <!-- printTestData -->
        <test-method signature="printTestData(java.lang.String, java.lang.String)[pri:0, instance:demo.DemoDataProvider@2b6856dd]" started-at="2019-08-20T17:48:49Z" name="printTestData" data-provider="getData" finished-at="2019-08-20T17:48:49Z" duration-ms="1" status="PASS">
          <params>
            <param index="0">
              <value>
                <![CDATA[manojbiotect@gmail.com]]>
              </value>
            </param>
            <param index="1">
              <value>
                <![CDATA[ilovemanoj]]>
              </value>
            </param>
          </params>
          <reporter-output>
          </reporter-output>
        </test-method> <!-- printTestData -->
        <test-method signature="printTestData(java.lang.String, java.lang.String)[pri:0, instance:demo.DemoDataProvider@2b6856dd]" started-at="2019-08-20T17:48:49Z" name="printTestData" data-provider="getData" finished-at="2019-08-20T17:48:49Z" duration-ms="2" status="PASS">
          <params>
            <param index="0">
              <value>
                <![CDATA[manojbiotect@gmail.com]]>
              </value>
            </param>
            <param index="1">
              <value>
                <![CDATA[ilovemanoj]]>
              </value>
            </param>
          </params>
          <reporter-output>
          </reporter-output>
        </test-method> <!-- printTestData -->
        <test-method signature="printTestData(java.lang.String, java.lang.String)[pri:0, instance:demo.DemoDataProvider@2b6856dd]" started-at="2019-08-20T17:48:49Z" name="printTestData" data-provider="getData" finished-at="2019-08-20T17:48:49Z" duration-ms="1" status="PASS">
          <params>
            <param index="0">
              <value>
                <![CDATA[manojbiotect@gmail.com]]>
              </value>
            </param>
            <param index="1">
              <value>
                <![CDATA[ilovemanoj]]>
              </value>
            </param>
          </params>
          <reporter-output>
          </reporter-output>
        </test-method> <!-- printTestData -->
        <test-method signature="printTestData(java.lang.String, java.lang.String)[pri:0, instance:demo.DemoDataProvider@2b6856dd]" started-at="2019-08-20T17:48:49Z" name="printTestData" data-provider="getData" finished-at="2019-08-20T17:48:49Z" duration-ms="1" status="PASS">
          <params>
            <param index="0">
              <value>
                <![CDATA[manojbiotect@gmail.com]]>
              </value>
            </param>
            <param index="1">
              <value>
                <![CDATA[ilovemanoj]]>
              </value>
            </param>
          </params>
          <reporter-output>
          </reporter-output>
        </test-method> <!-- printTestData -->
        <test-method signature="printTestData(java.lang.String, java.lang.String)[pri:0, instance:demo.DemoDataProvider@2b6856dd]" started-at="2019-08-20T17:48:49Z" name="printTestData" data-provider="getData" finished-at="2019-08-20T17:48:49Z" duration-ms="1" status="PASS">
          <params>
            <param index="0">
              <value>
                <![CDATA[manojbiotect@gmail.com]]>
              </value>
            </param>
            <param index="1">
              <value>
                <![CDATA[ilovemanoj]]>
              </value>
            </param>
          </params>
          <reporter-output>
          </reporter-output>
        </test-method> <!-- printTestData -->
        <test-method signature="printTestData(java.lang.String, java.lang.String)[pri:0, instance:demo.DemoDataProvider@2b6856dd]" started-at="2019-08-20T17:48:49Z" name="printTestData" data-provider="getData" finished-at="2019-08-20T17:48:49Z" duration-ms="1" status="PASS">
          <params>
            <param index="0">
              <value>
                <![CDATA[manojbiotect@gmail.com]]>
              </value>
            </param>
            <param index="1">
              <value>
                <![CDATA[ilovemanoj]]>
              </value>
            </param>
          </params>
          <reporter-output>
          </reporter-output>
        </test-method> <!-- printTestData -->
        <test-method signature="printTestData(java.lang.String, java.lang.String)[pri:0, instance:demo.DemoDataProvider@2b6856dd]" started-at="2019-08-20T17:48:49Z" name="printTestData" data-provider="getData" finished-at="2019-08-20T17:48:49Z" duration-ms="1" status="PASS">
          <params>
            <param index="0">
              <value>
                <![CDATA[manojbiotect@gmail.com]]>
              </value>
            </param>
            <param index="1">
              <value>
                <![CDATA[ilovemanoj]]>
              </value>
            </param>
          </params>
          <reporter-output>
          </reporter-output>
        </test-method> <!-- printTestData -->
      </class> <!-- demo.DemoDataProvider -->
    </test> <!-- Default test -->
  </suite> <!-- Default suite -->
</testng-results>
