<?xml version="1.0" encoding="UTF-8"?>
<!-- Generated by org.testng.reporters.JUnitXMLReporter -->
<testsuite ignored="0" hostname="DESKTOP-CHV52S0" failures="1" tests="2" name="AmazonHomepageTest" time="13.198" errors="0" timestamp="19 Aug 2019 17:42:31 GMT">
  <testcase classname="in.amazon.test.HomepageTests" name="verifyTitleOfThePage" time="0.16">
    <failure type="java.lang.AssertionError" message="expected [Amazon Home Page] but found [Amazon.com: Online Shopping for Electronics, Apparel, Computers, Books, DVDs &amp;amp; more]">
      <![CDATA[java.lang.AssertionError: expected [Amazon Home Page] but found [Amazon.com: Online Shopping for Electronics, Apparel, Computers, Books, DVDs & more]
at in.amazon.test.HomepageTests.verifyTitleOfThePage(HomepageTests.java:27)
... Removed 31 stack frames]]>
    </failure>
  </testcase> <!-- verifyTitleOfThePage -->
  <testcase classname="in.amazon.test.HomepageTests" name="verifyProduct" time="3.339"/>
</testsuite> <!-- AmazonHomepageTest -->
