<?xml version="1.0" encoding="UTF-8"?>
<!-- Generated by org.testng.reporters.JUnitXMLReporter -->
<testsuite ignored="0" hostname="DESKTOP-CHV52S0" failures="0" tests="10" name="Default test" time="0.737" errors="0" timestamp="20 Aug 2019 17:48:49 GMT">
  <testcase classname="demo.DemoDataProvider" name="printTestData" time="0.009"/>
  <testcase classname="demo.DemoDataProvider" name="printTestData" time="0.002"/>
  <testcase classname="demo.DemoDataProvider" name="printTestData" time="0.002"/>
  <testcase classname="demo.DemoDataProvider" name="printTestData" time="0.001"/>
  <testcase classname="demo.DemoDataProvider" name="printTestData" time="0.002"/>
  <testcase classname="demo.DemoDataProvider" name="printTestData" time="0.001"/>
  <testcase classname="demo.DemoDataProvider" name="printTestData" time="0.001"/>
  <testcase classname="demo.DemoDataProvider" name="printTestData" time="0.001"/>
  <testcase classname="demo.DemoDataProvider" name="printTestData" time="0.001"/>
  <testcase classname="demo.DemoDataProvider" name="printTestData" time="0.001"/>
</testsuite> <!-- Default test -->
